# This is the CMakeCache file.
# For build in directory: /data/data/com.termux/files/home/.naab/language/build-test
# It was generated by CMake: /data/data/com.termux/files/usr/bin/cmake
# You can edit this file to change values found and used by cmake.
# If you do not want to change any of the values, simply exit the editor.
# If you do want to change a value, simply edit, save, and exit the editor.
# The syntax for the file is as follows:
# KEY:TYPE=VALUE
# KEY is the name of a variable in the cache.
# TYPE is a hint to GUIs for the type of VALUE, DO NOT EDIT TYPE!.
# VALUE is the current value for the KEY.

########################
# EXTERNAL cache entries
########################

//Build Abseil as a single shared library (always enabled for Windows)
ABSL_BUILD_MONOLITHIC_SHARED_LIBS:BOOL=OFF

//If ON, Abseil will build all of Abseil's own tests.
ABSL_BUILD_TESTING:BOOL=OFF

//If ON, Abseil will build libraries that you can use to write
// tests against Abseil code. This option requires that Abseil
// is configured to use GoogleTest.
ABSL_BUILD_TEST_HELPERS:BOOL=OFF

//Enable install rule
ABSL_ENABLE_INSTALL:BOOL=OFF

//If set, download GoogleTest from this URL
ABSL_GOOGLETEST_DOWNLOAD_URL:STRING=

//If ABSL_USE_GOOGLETEST_HEAD is OFF and ABSL_GOOGLETEST_URL is
// not set, specifies the directory of a local GoogleTest checkout.
ABSL_LOCAL_GOOGLETEST_DIR:PATH=/usr/src/googletest

//Link static runtime libraries
ABSL_MSVC_STATIC_RUNTIME:BOOL=OFF

//Use CMake C++ standard meta features (e.g. cxx_std_17) that propagate
// to targets that link to Abseil
ABSL_PROPAGATE_CXX_STD:BOOL=ON

//If ON, Abseil will assume that the targets for GoogleTest are
// already provided by the including project. This makes sense
// when Abseil is used with add_subdirectory.
ABSL_USE_EXTERNAL_GOOGLETEST:BOOL=OFF

//If ON, abseil will download HEAD from GoogleTest at config time.
ABSL_USE_GOOGLETEST_HEAD:BOOL=OFF

//Silence warnings in Abseil headers by marking them as SYSTEM
// includes
ABSL_USE_SYSTEM_INCLUDES:BOOL=OFF

//Builds the googlemock subproject
BUILD_GMOCK:BOOL=OFF

//Build the testing tree.
BUILD_TESTING:BOOL=ON

//Path to a program.
CMAKE_ADDR2LINE:FILEPATH=/data/data/com.termux/files/usr/bin/llvm-addr2line

//Path to a program.
CMAKE_AR:FILEPATH=/data/data/com.termux/files/usr/bin/llvm-ar

//Choose the type of build, options are: None Debug Release RelWithDebInfo
// MinSizeRel ...
CMAKE_BUILD_TYPE:STRING=RelWithDebInfo

//Enable/Disable color output during build.
CMAKE_COLOR_MAKEFILE:BOOL=ON

//CXX compiler
CMAKE_CXX_COMPILER:FILEPATH=/data/data/com.termux/files/usr/bin/c++

//LLVM archiver
CMAKE_CXX_COMPILER_AR:FILEPATH=/data/data/com.termux/files/usr/bin/llvm-ar

//`clang-scan-deps` dependency scanner
CMAKE_CXX_COMPILER_CLANG_SCAN_DEPS:FILEPATH=/data/data/com.termux/files/usr/bin/clang-scan-deps

//Generate index for LLVM archive
CMAKE_CXX_COMPILER_RANLIB:FILEPATH=/data/data/com.termux/files/usr/bin/llvm-ranlib

//Flags used by the CXX compiler during all build types.
CMAKE_CXX_FLAGS:STRING=

//Flags used by the CXX compiler during DEBUG builds.
CMAKE_CXX_FLAGS_DEBUG:STRING=-g

//Flags used by the CXX compiler during MINSIZEREL builds.
CMAKE_CXX_FLAGS_MINSIZEREL:STRING=-Os -DNDEBUG

//Flags used by the CXX compiler during RELEASE builds.
CMAKE_CXX_FLAGS_RELEASE:STRING=-O3 -DNDEBUG

//Flags used by the CXX compiler during RELWITHDEBINFO builds.
CMAKE_CXX_FLAGS_RELWITHDEBINFO:STRING=-O2 -g -DNDEBUG

//C compiler
CMAKE_C_COMPILER:FILEPATH=/data/data/com.termux/files/usr/bin/cc

//LLVM archiver
CMAKE_C_COMPILER_AR:FILEPATH=/data/data/com.termux/files/usr/bin/llvm-ar

//`clang-scan-deps` dependency scanner
CMAKE_C_COMPILER_CLANG_SCAN_DEPS:FILEPATH=/data/data/com.termux/files/usr/bin/clang-scan-deps

//Generate index for LLVM archive
CMAKE_C_COMPILER_RANLIB:FILEPATH=/data/data/com.termux/files/usr/bin/llvm-ranlib

//Flags used by the C compiler during all build types.
CMAKE_C_FLAGS:STRING=

//Flags used by the C compiler during DEBUG builds.
CMAKE_C_FLAGS_DEBUG:STRING=-g

//Flags used by the C compiler during MINSIZEREL builds.
CMAKE_C_FLAGS_MINSIZEREL:STRING=-Os -DNDEBUG

//Flags used by the C compiler during RELEASE builds.
CMAKE_C_FLAGS_RELEASE:STRING=-O3 -DNDEBUG

//Flags used by the C compiler during RELWITHDEBINFO builds.
CMAKE_C_FLAGS_RELWITHDEBINFO:STRING=-O2 -g -DNDEBUG

//Path to a program.
CMAKE_DLLTOOL:FILEPATH=/data/data/com.termux/files/usr/bin/llvm-dlltool

//Flags used by the linker during all build types.
CMAKE_EXE_LINKER_FLAGS:STRING=

//Flags used by the linker during DEBUG builds.
CMAKE_EXE_LINKER_FLAGS_DEBUG:STRING=

//Flags used by the linker during MINSIZEREL builds.
CMAKE_EXE_LINKER_FLAGS_MINSIZEREL:STRING=

//Flags used by the linker during RELEASE builds.
CMAKE_EXE_LINKER_FLAGS_RELEASE:STRING=

//Flags used by the linker during RELWITHDEBINFO builds.
CMAKE_EXE_LINKER_FLAGS_RELWITHDEBINFO:STRING=

//Enable/Disable output of compile commands during generation.
CMAKE_EXPORT_COMPILE_COMMANDS:BOOL=

//Value Computed by CMake.
CMAKE_FIND_PACKAGE_REDIRECTS_DIR:STATIC=/data/data/com.termux/files/home/.naab/language/build-test/CMakeFiles/pkgRedirects

//User executables (bin)
CMAKE_INSTALL_BINDIR:PATH=bin

//Read-only architecture-independent data (DATAROOTDIR)
CMAKE_INSTALL_DATADIR:PATH=

//Read-only architecture-independent data root (share)
CMAKE_INSTALL_DATAROOTDIR:PATH=share

//Documentation root (DATAROOTDIR/doc/PROJECT_NAME)
CMAKE_INSTALL_DOCDIR:PATH=

//C header files (include)
CMAKE_INSTALL_INCLUDEDIR:PATH=include

//Info documentation (DATAROOTDIR/info)
CMAKE_INSTALL_INFODIR:PATH=

//Object code libraries (lib)
CMAKE_INSTALL_LIBDIR:PATH=lib

//Program executables (libexec)
CMAKE_INSTALL_LIBEXECDIR:PATH=libexec

//Locale-dependent data (DATAROOTDIR/locale)
CMAKE_INSTALL_LOCALEDIR:PATH=

//Modifiable single-machine data (var)
CMAKE_INSTALL_LOCALSTATEDIR:PATH=var

//Man documentation (DATAROOTDIR/man)
CMAKE_INSTALL_MANDIR:PATH=

//C header files for non-gcc (/usr/include)
CMAKE_INSTALL_OLDINCLUDEDIR:PATH=/usr/include

//Install path prefix, prepended onto install directories.
CMAKE_INSTALL_PREFIX:PATH=/usr/local

//Run-time variable data (LOCALSTATEDIR/run)
CMAKE_INSTALL_RUNSTATEDIR:PATH=

//System admin executables (sbin)
CMAKE_INSTALL_SBINDIR:PATH=sbin

//Modifiable architecture-independent data (com)
CMAKE_INSTALL_SHAREDSTATEDIR:PATH=com

//Read-only single-machine data (etc)
CMAKE_INSTALL_SYSCONFDIR:PATH=etc

//Path to a program.
CMAKE_LINKER:FILEPATH=/data/data/com.termux/files/usr/bin/ld.lld

//Path to a program.
CMAKE_MAKE_PROGRAM:FILEPATH=/data/data/com.termux/files/usr/bin/make

//Flags used by the linker during the creation of modules during
// all build types.
CMAKE_MODULE_LINKER_FLAGS:STRING=

//Flags used by the linker during the creation of modules during
// DEBUG builds.
CMAKE_MODULE_LINKER_FLAGS_DEBUG:STRING=

//Flags used by the linker during the creation of modules during
// MINSIZEREL builds.
CMAKE_MODULE_LINKER_FLAGS_MINSIZEREL:STRING=

//Flags used by the linker during the creation of modules during
// RELEASE builds.
CMAKE_MODULE_LINKER_FLAGS_RELEASE:STRING=

//Flags used by the linker during the creation of modules during
// RELWITHDEBINFO builds.
CMAKE_MODULE_LINKER_FLAGS_RELWITHDEBINFO:STRING=

//Path to a program.
CMAKE_NM:FILEPATH=/data/data/com.termux/files/usr/bin/llvm-nm

//Path to a program.
CMAKE_OBJCOPY:FILEPATH=/data/data/com.termux/files/usr/bin/llvm-objcopy

//Path to a program.
CMAKE_OBJDUMP:FILEPATH=/data/data/com.termux/files/usr/bin/llvm-objdump

//Value Computed by CMake
CMAKE_PROJECT_COMPAT_VERSION:STATIC=

//Value Computed by CMake
CMAKE_PROJECT_DESCRIPTION:STATIC=NAAb Block Assembly Language

//Value Computed by CMake
CMAKE_PROJECT_HOMEPAGE_URL:STATIC=

//Value Computed by CMake
CMAKE_PROJECT_NAME:STATIC=naab_lang

//Value Computed by CMake
CMAKE_PROJECT_SPDX_LICENSE:STATIC=

//Value Computed by CMake
CMAKE_PROJECT_VERSION:STATIC=0.1.0

//Value Computed by CMake
CMAKE_PROJECT_VERSION_MAJOR:STATIC=0

//Value Computed by CMake
CMAKE_PROJECT_VERSION_MINOR:STATIC=1

//Value Computed by CMake
CMAKE_PROJECT_VERSION_PATCH:STATIC=0

//Value Computed by CMake
CMAKE_PROJECT_VERSION_TWEAK:STATIC=

//Path to a program.
CMAKE_RANLIB:FILEPATH=/data/data/com.termux/files/usr/bin/llvm-ranlib

//Path to a program.
CMAKE_READELF:FILEPATH=/data/data/com.termux/files/usr/bin/llvm-readelf

//Flags used by the linker during the creation of shared libraries
// during all build types.
CMAKE_SHARED_LINKER_FLAGS:STRING=

//Flags used by the linker during the creation of shared libraries
// during DEBUG builds.
CMAKE_SHARED_LINKER_FLAGS_DEBUG:STRING=

//Flags used by the linker during the creation of shared libraries
// during MINSIZEREL builds.
CMAKE_SHARED_LINKER_FLAGS_MINSIZEREL:STRING=

//Flags used by the linker during the creation of shared libraries
// during RELEASE builds.
CMAKE_SHARED_LINKER_FLAGS_RELEASE:STRING=

//Flags used by the linker during the creation of shared libraries
// during RELWITHDEBINFO builds.
CMAKE_SHARED_LINKER_FLAGS_RELWITHDEBINFO:STRING=

//If set, runtime paths are not added when installing shared libraries,
// but are added when building.
CMAKE_SKIP_INSTALL_RPATH:BOOL=NO

//If set, runtime paths are not added when using shared libraries.
CMAKE_SKIP_RPATH:BOOL=NO

//Flags used by the archiver during the creation of static libraries
// during all build types.
CMAKE_STATIC_LINKER_FLAGS:STRING=

//Flags used by the archiver during the creation of static libraries
// during DEBUG builds.
CMAKE_STATIC_LINKER_FLAGS_DEBUG:STRING=

//Flags used by the archiver during the creation of static libraries
// during MINSIZEREL builds.
CMAKE_STATIC_LINKER_FLAGS_MINSIZEREL:STRING=

//Flags used by the archiver during the creation of static libraries
// during RELEASE builds.
CMAKE_STATIC_LINKER_FLAGS_RELEASE:STRING=

//Flags used by the archiver during the creation of static libraries
// during RELWITHDEBINFO builds.
CMAKE_STATIC_LINKER_FLAGS_RELWITHDEBINFO:STRING=

//Path to a program.
CMAKE_STRIP:FILEPATH=/data/data/com.termux/files/usr/bin/llvm-strip

//Path to a program.
CMAKE_TAPI:FILEPATH=CMAKE_TAPI-NOTFOUND

//If this value is on, makefiles will be generated without the
// .SILENT directive, and all commands will be echoed to the console
// during the make.  This is useful for debugging only. With Visual
// Studio IDE projects all commands are done without /nologo.
CMAKE_VERBOSE_MAKEFILE:BOOL=FALSE

//Path to the coverage program that CTest uses for performing coverage
// inspection
COVERAGE_COMMAND:FILEPATH=COVERAGE_COMMAND-NOTFOUND

//Extra command line flags to pass to the coverage tool
COVERAGE_EXTRA_FLAGS:STRING=-l

//How many times to retry timed-out CTest submissions.
CTEST_SUBMIT_RETRY_COUNT:STRING=3

//How long to wait between timed-out CTest submissions.
CTEST_SUBMIT_RETRY_DELAY:STRING=5

//Maximum time allowed before CTest will kill the test.
DART_TESTING_TIMEOUT:STRING=1500

//Enable AddressSanitizer
ENABLE_ASAN:BOOL=OFF

//Enable Control Flow Integrity
ENABLE_CFI:BOOL=OFF

//Enable additional hardening flags
ENABLE_HARDENING:BOOL=ON

//Enable MemorySanitizer
ENABLE_MSAN:BOOL=OFF

//Enable ThreadSanitizer
ENABLE_TSAN:BOOL=OFF

//Enable UndefinedBehaviorSanitizer
ENABLE_UBSAN:BOOL=OFF

//Path to a library.
EXECINFO_LIBRARY:FILEPATH=/data/data/com.termux/files/usr/lib/libexecinfo.so

//Value Computed by CMake
FMT_BINARY_DIR:STATIC=/data/data/com.termux/files/home/.naab/language/build-test/external/fmt

//Generate the cuda-test target.
FMT_CUDA_TEST:BOOL=OFF

//Debug library postfix.
FMT_DEBUG_POSTFIX:STRING=d

//Generate the doc target.
FMT_DOC:BOOL=OFF

//Generate the fuzz target.
FMT_FUZZ:BOOL=OFF

//Installation directory for include files, a relative path that
// will be joined with /usr/local or an absolute path.
FMT_INC_DIR:STRING=include

//Generate the install target.
FMT_INSTALL:BOOL=OFF

//Value Computed by CMake
FMT_IS_TOP_LEVEL:STATIC=OFF

//Build a module instead of a traditional library.
FMT_MODULE:BOOL=OFF

//Include OS-specific APIs.
FMT_OS:BOOL=ON

//Enable extra warnings and expensive tests.
FMT_PEDANTIC:BOOL=OFF

//Value Computed by CMake
FMT_SOURCE_DIR:STATIC=/data/data/com.termux/files/home/.naab/language/external/fmt

//Expose headers with marking them as system.
FMT_SYSTEM_HEADERS:BOOL=OFF

//Generate the test target.
FMT_TEST:BOOL=OFF

//Enable Unicode support.
FMT_UNICODE:BOOL=ON

//Halt the compilation with an error on compiler warnings.
FMT_WERROR:BOOL=OFF

//Path to a program.
GITCOMMAND:FILEPATH=/data/data/com.termux/files/usr/bin/git

//Use Abseil and RE2. Requires Abseil and RE2 to be separately
// added to the build.
GTEST_HAS_ABSL:BOOL=OFF

//Enable installation of googletest. (Projects embedding googletest
// may want to turn this OFF.)
INSTALL_GTEST:BOOL=OFF

//Path to a library.
LIBRT:FILEPATH=/data/data/com.termux/files/usr/lib/librt.so

//Command to build the project
MAKECOMMAND:STRING=/data/data/com.termux/files/usr/bin/cmake --build . --config "${CTEST_CONFIGURATION_TYPE}"

//Path to the memory checking command, used for memory error detection.
MEMORYCHECK_COMMAND:FILEPATH=MEMORYCHECK_COMMAND-NOTFOUND

//File that contains suppressions for the memory checker
MEMORYCHECK_SUPPRESSIONS_FILE:FILEPATH=

//Path to a library.
OPENSSL_CRYPTO_LIBRARY:FILEPATH=/data/data/com.termux/files/usr/lib/libcrypto.so

//Path to a file.
OPENSSL_INCLUDE_DIR:PATH=/data/data/com.termux/files/usr/include

//Path to a library.
OPENSSL_SSL_LIBRARY:FILEPATH=/data/data/com.termux/files/usr/lib/libssl.so

//Arguments to supply to pkg-config
PKG_CONFIG_ARGN:STRING=

//pkg-config executable
PKG_CONFIG_EXECUTABLE:FILEPATH=/data/data/com.termux/files/usr/bin/pkg-config

//Name of the computer/site where compile is being run
SITE:STRING=localhost

//Build all artifacts
SPDLOG_BUILD_ALL:BOOL=OFF

//Build benchmarks (Requires https://github.com/google/benchmark.git
// to be installed)
SPDLOG_BUILD_BENCH:BOOL=OFF

//Build example
SPDLOG_BUILD_EXAMPLE:BOOL=OFF

//Build header only example
SPDLOG_BUILD_EXAMPLE_HO:BOOL=OFF

//Build position independent code (-fPIC)
SPDLOG_BUILD_PIC:BOOL=OFF

//Build shared library
SPDLOG_BUILD_SHARED:BOOL=OFF

//Build tests
SPDLOG_BUILD_TESTS:BOOL=OFF

//Build tests using the header only version
SPDLOG_BUILD_TESTS_HO:BOOL=OFF

//Enable compiler warnings
SPDLOG_BUILD_WARNINGS:BOOL=OFF

//non supported option
SPDLOG_CLOCK_COARSE:BOOL=OFF

//Filename postfix for libraries in debug builds
SPDLOG_DEBUG_POSTFIX:STRING=d

//Disable default logger creation
SPDLOG_DISABLE_DEFAULT_LOGGER:BOOL=OFF

//Build static or shared library using precompiled header to speed
// up compilation time
SPDLOG_ENABLE_PCH:BOOL=OFF

//Use external fmt library instead of bundled
SPDLOG_FMT_EXTERNAL:BOOL=OFF

//Use external fmt header-only library instead of bundled
SPDLOG_FMT_EXTERNAL_HO:BOOL=OFF

//Use the unlocked variant of fwrite. Leave this on unless your
// libc doesn't have it
SPDLOG_FWRITE_UNLOCKED:BOOL=ON

//Generate the install target
SPDLOG_INSTALL:BOOL=OFF

//prevent spdlog from using of std::atomic log levels (use only
// if your code never modifies log levels concurrently
SPDLOG_NO_ATOMIC_LEVELS:BOOL=OFF

//Compile with -fno-exceptions. Call abort() on any spdlog exceptions
SPDLOG_NO_EXCEPTIONS:BOOL=OFF

//prevent spdlog from querying the thread id on each log call if
// thread id is not needed
SPDLOG_NO_THREAD_ID:BOOL=OFF

//prevent spdlog from using thread local storage
SPDLOG_NO_TLS:BOOL=OFF

//Omit %z timezone offset (use on platforms without tm_gmtoff)
SPDLOG_NO_TZ_OFFSET:BOOL=OFF

//Prevent from child processes to inherit log file descriptors
SPDLOG_PREVENT_CHILD_FD:BOOL=OFF

//Enable address sanitizer in tests
SPDLOG_SANITIZE_ADDRESS:BOOL=OFF

//Enable thread sanitizer in tests
SPDLOG_SANITIZE_THREAD:BOOL=OFF

//Include as system headers (skip for clang-tidy).
SPDLOG_SYSTEM_INCLUDES:BOOL=OFF

//run clang-tidy
SPDLOG_TIDY:BOOL=OFF

//Use std::format instead of fmt library.
SPDLOG_USE_STD_FORMAT:BOOL=OFF

//non supported option
SPDLOG_WCHAR_CONSOLE:BOOL=OFF

//non supported option
SPDLOG_WCHAR_FILENAMES:BOOL=OFF

//non supported option
SPDLOG_WCHAR_SUPPORT:BOOL=OFF

//Path to a file.
SQLite3_INCLUDE_DIR:PATH=/data/data/com.termux/files/usr/include

//Path to a library.
SQLite3_LIBRARY:FILEPATH=/data/data/com.termux/files/usr/lib/libsqlite3.so

//Value Computed by CMake
absl_BINARY_DIR:STATIC=/data/data/com.termux/files/home/.naab/language/build-test/external/abseil-cpp

//Value Computed by CMake
absl_IS_TOP_LEVEL:STATIC=OFF

//Value Computed by CMake
absl_SOURCE_DIR:STATIC=/data/data/com.termux/files/home/.naab/language/external/abseil-cpp

//Value Computed by CMake
googletest-distribution_BINARY_DIR:STATIC=/data/data/com.termux/files/home/.naab/language/build-test/external/googletest

//Value Computed by CMake
googletest-distribution_IS_TOP_LEVEL:STATIC=OFF

//Value Computed by CMake
googletest-distribution_SOURCE_DIR:STATIC=/data/data/com.termux/files/home/.naab/language/external/googletest

//Value Computed by CMake
gtest_BINARY_DIR:STATIC=/data/data/com.termux/files/home/.naab/language/build-test/external/googletest/googletest

//Value Computed by CMake
gtest_IS_TOP_LEVEL:STATIC=OFF

//Value Computed by CMake
gtest_SOURCE_DIR:STATIC=/data/data/com.termux/files/home/.naab/language/external/googletest/googletest

//Build gtest's sample programs.
gtest_build_samples:BOOL=OFF

//Build all of gtest's own tests.
gtest_build_tests:BOOL=OFF

//Disable uses of pthreads in gtest.
gtest_disable_pthreads:BOOL=OFF

//Use shared (DLL) run-time lib even when Google Test is built
// as static lib.
gtest_force_shared_crt:BOOL=ON

//Build gtest with internal symbols hidden in shared libraries.
gtest_hide_internal_symbols:BOOL=OFF

//Value Computed by CMake
naab_lang_BINARY_DIR:STATIC=/data/data/com.termux/files/home/.naab/language/build-test

//Value Computed by CMake
naab_lang_IS_TOP_LEVEL:STATIC=ON

//Value Computed by CMake
naab_lang_SOURCE_DIR:STATIC=/data/data/com.termux/files/home/.naab/language

//Path to a library.
pkgcfg_lib_FFI_ffi:FILEPATH=/data/data/com.termux/files/usr/lib/libffi.so

//Path to a library.
pkgcfg_lib_PC_SQLite3_sqlite3:FILEPATH=/data/data/com.termux/files/usr/lib/libsqlite3.so

//Path to a library.
pkgcfg_lib__OPENSSL_crypto:FILEPATH=/data/data/com.termux/files/usr/lib/libcrypto.so

//Path to a library.
pkgcfg_lib__OPENSSL_ssl:FILEPATH=/data/data/com.termux/files/usr/lib/libssl.so

//Value Computed by CMake
spdlog_BINARY_DIR:STATIC=/data/data/com.termux/files/home/.naab/language/build-test/external/spdlog

//Value Computed by CMake
spdlog_IS_TOP_LEVEL:STATIC=OFF

//Value Computed by CMake
spdlog_SOURCE_DIR:STATIC=/data/data/com.termux/files/home/.naab/language/external/spdlog


########################
# INTERNAL cache entries
########################

//Test ABSL_INTERNAL_AT_LEAST_CXX17
ABSL_INTERNAL_AT_LEAST_CXX17:INTERNAL=1
//Test ABSL_INTERNAL_AT_LEAST_CXX20
ABSL_INTERNAL_AT_LEAST_CXX20:INTERNAL=
//ADVANCED property for variable: CMAKE_ADDR2LINE
CMAKE_ADDR2LINE-ADVANCED:INTERNAL=1
//ADVANCED property for variable: CMAKE_AR
CMAKE_AR-ADVANCED:INTERNAL=1
//This is the directory where this CMakeCache.txt was created
CMAKE_CACHEFILE_DIR:INTERNAL=/data/data/com.termux/files/home/.naab/language/build-test
//Major version of cmake used to create the current loaded cache
CMAKE_CACHE_MAJOR_VERSION:INTERNAL=4
//Minor version of cmake used to create the current loaded cache
CMAKE_CACHE_MINOR_VERSION:INTERNAL=2
//Patch version of cmake used to create the current loaded cache
CMAKE_CACHE_PATCH_VERSION:INTERNAL=2
//ADVANCED property for variable: CMAKE_COLOR_MAKEFILE
CMAKE_COLOR_MAKEFILE-ADVANCED:INTERNAL=1
//Path to CMake executable.
CMAKE_COMMAND:INTERNAL=/data/data/com.termux/files/usr/bin/cmake
//Path to cpack program executable.
CMAKE_CPACK_COMMAND:INTERNAL=/data/data/com.termux/files/usr/bin/cpack
//ADVANCED property for variable: CMAKE_CTEST_COMMAND
CMAKE_CTEST_COMMAND-ADVANCED:INTERNAL=1
//Path to ctest program executable.
CMAKE_CTEST_COMMAND:INTERNAL=/data/data/com.termux/files/usr/bin/ctest
//ADVANCED property for variable: CMAKE_CXX_COMPILER
CMAKE_CXX_COMPILER-ADVANCED:INTERNAL=1
//ADVANCED property for variable: CMAKE_CXX_COMPILER_AR
CMAKE_CXX_COMPILER_AR-ADVANCED:INTERNAL=1
//ADVANCED property for variable: CMAKE_CXX_COMPILER_CLANG_SCAN_DEPS
CMAKE_CXX_COMPILER_CLANG_SCAN_DEPS-ADVANCED:INTERNAL=1
//ADVANCED property for variable: CMAKE_CXX_COMPILER_RANLIB
CMAKE_CXX_COMPILER_RANLIB-ADVANCED:INTERNAL=1
//ADVANCED property for variable: CMAKE_CXX_FLAGS
CMAKE_CXX_FLAGS-ADVANCED:INTERNAL=1
//ADVANCED property for variable: CMAKE_CXX_FLAGS_DEBUG
CMAKE_CXX_FLAGS_DEBUG-ADVANCED:INTERNAL=1
//ADVANCED property for variable: CMAKE_CXX_FLAGS_MINSIZEREL
CMAKE_CXX_FLAGS_MINSIZEREL-ADVANCED:INTERNAL=1
//ADVANCED property for variable: CMAKE_CXX_FLAGS_RELEASE
CMAKE_CXX_FLAGS_RELEASE-ADVANCED:INTERNAL=1
//ADVANCED property for variable: CMAKE_CXX_FLAGS_RELWITHDEBINFO
CMAKE_CXX_FLAGS_RELWITHDEBINFO-ADVANCED:INTERNAL=1
//ADVANCED property for variable: CMAKE_C_COMPILER
CMAKE_C_COMPILER-ADVANCED:INTERNAL=1
//ADVANCED property for variable: CMAKE_C_COMPILER_AR
CMAKE_C_COMPILER_AR-ADVANCED:INTERNAL=1
//ADVANCED property for variable: CMAKE_C_COMPILER_CLANG_SCAN_DEPS
CMAKE_C_COMPILER_CLANG_SCAN_DEPS-ADVANCED:INTERNAL=1
//ADVANCED property for variable: CMAKE_C_COMPILER_RANLIB
CMAKE_C_COMPILER_RANLIB-ADVANCED:INTERNAL=1
//ADVANCED property for variable: CMAKE_C_FLAGS
CMAKE_C_FLAGS-ADVANCED:INTERNAL=1
//ADVANCED property for variable: CMAKE_C_FLAGS_DEBUG
CMAKE_C_FLAGS_DEBUG-ADVANCED:INTERNAL=1
//ADVANCED property for variable: CMAKE_C_FLAGS_MINSIZEREL
CMAKE_C_FLAGS_MINSIZEREL-ADVANCED:INTERNAL=1
//ADVANCED property for variable: CMAKE_C_FLAGS_RELEASE
CMAKE_C_FLAGS_RELEASE-ADVANCED:INTERNAL=1
//ADVANCED property for variable: CMAKE_C_FLAGS_RELWITHDEBINFO
CMAKE_C_FLAGS_RELWITHDEBINFO-ADVANCED:INTERNAL=1
//ADVANCED property for variable: CMAKE_DLLTOOL
CMAKE_DLLTOOL-ADVANCED:INTERNAL=1
//Executable file format
CMAKE_EXECUTABLE_FORMAT:INTERNAL=ELF
//ADVANCED property for variable: CMAKE_EXE_LINKER_FLAGS
CMAKE_EXE_LINKER_FLAGS-ADVANCED:INTERNAL=1
//ADVANCED property for variable: CMAKE_EXE_LINKER_FLAGS_DEBUG
CMAKE_EXE_LINKER_FLAGS_DEBUG-ADVANCED:INTERNAL=1
//ADVANCED property for variable: CMAKE_EXE_LINKER_FLAGS_MINSIZEREL
CMAKE_EXE_LINKER_FLAGS_MINSIZEREL-ADVANCED:INTERNAL=1
//ADVANCED property for variable: CMAKE_EXE_LINKER_FLAGS_RELEASE
CMAKE_EXE_LINKER_FLAGS_RELEASE-ADVANCED:INTERNAL=1
//ADVANCED property for variable: CMAKE_EXE_LINKER_FLAGS_RELWITHDEBINFO
CMAKE_EXE_LINKER_FLAGS_RELWITHDEBINFO-ADVANCED:INTERNAL=1
//ADVANCED property for variable: CMAKE_EXPORT_COMPILE_COMMANDS
CMAKE_EXPORT_COMPILE_COMMANDS-ADVANCED:INTERNAL=1
//Name of external makefile project generator.
CMAKE_EXTRA_GENERATOR:INTERNAL=
//Name of generator.
CMAKE_GENERATOR:INTERNAL=Unix Makefiles
//Generator instance identifier.
CMAKE_GENERATOR_INSTANCE:INTERNAL=
//Name of generator platform.
CMAKE_GENERATOR_PLATFORM:INTERNAL=
//Name of generator toolset.
CMAKE_GENERATOR_TOOLSET:INTERNAL=
//Test CMAKE_HAVE_LIBC_PTHREAD
CMAKE_HAVE_LIBC_PTHREAD:INTERNAL=
//Have library pthreads
CMAKE_HAVE_PTHREADS_CREATE:INTERNAL=
//Have library pthread
CMAKE_HAVE_PTHREAD_CREATE:INTERNAL=1
//Source directory with the top level CMakeLists.txt file for this
// project
CMAKE_HOME_DIRECTORY:INTERNAL=/data/data/com.termux/files/home/.naab/language
//ADVANCED property for variable: CMAKE_INSTALL_BINDIR
CMAKE_INSTALL_BINDIR-ADVANCED:INTERNAL=1
//ADVANCED property for variable: CMAKE_INSTALL_DATADIR
CMAKE_INSTALL_DATADIR-ADVANCED:INTERNAL=1
//ADVANCED property for variable: CMAKE_INSTALL_DATAROOTDIR
CMAKE_INSTALL_DATAROOTDIR-ADVANCED:INTERNAL=1
//ADVANCED property for variable: CMAKE_INSTALL_DOCDIR
CMAKE_INSTALL_DOCDIR-ADVANCED:INTERNAL=1
//ADVANCED property for variable: CMAKE_INSTALL_INCLUDEDIR
CMAKE_INSTALL_INCLUDEDIR-ADVANCED:INTERNAL=1
//ADVANCED property for variable: CMAKE_INSTALL_INFODIR
CMAKE_INSTALL_INFODIR-ADVANCED:INTERNAL=1
//ADVANCED property for variable: CMAKE_INSTALL_LIBDIR
CMAKE_INSTALL_LIBDIR-ADVANCED:INTERNAL=1
//ADVANCED property for variable: CMAKE_INSTALL_LIBEXECDIR
CMAKE_INSTALL_LIBEXECDIR-ADVANCED:INTERNAL=1
//ADVANCED property for variable: CMAKE_INSTALL_LOCALEDIR
CMAKE_INSTALL_LOCALEDIR-ADVANCED:INTERNAL=1
//ADVANCED property for variable: CMAKE_INSTALL_LOCALSTATEDIR
CMAKE_INSTALL_LOCALSTATEDIR-ADVANCED:INTERNAL=1
//ADVANCED property for variable: CMAKE_INSTALL_MANDIR
CMAKE_INSTALL_MANDIR-ADVANCED:INTERNAL=1
//ADVANCED property for variable: CMAKE_INSTALL_OLDINCLUDEDIR
CMAKE_INSTALL_OLDINCLUDEDIR-ADVANCED:INTERNAL=1
//ADVANCED property for variable: CMAKE_INSTALL_RUNSTATEDIR
CMAKE_INSTALL_RUNSTATEDIR-ADVANCED:INTERNAL=1
//ADVANCED property for variable: CMAKE_INSTALL_SBINDIR
CMAKE_INSTALL_SBINDIR-ADVANCED:INTERNAL=1
//ADVANCED property for variable: CMAKE_INSTALL_SHAREDSTATEDIR
CMAKE_INSTALL_SHAREDSTATEDIR-ADVANCED:INTERNAL=1
//Install .so files without execute permission.
CMAKE_INSTALL_SO_NO_EXE:INTERNAL=0
//ADVANCED property for variable: CMAKE_INSTALL_SYSCONFDIR
CMAKE_INSTALL_SYSCONFDIR-ADVANCED:INTERNAL=1
//ADVANCED property for variable: CMAKE_LINKER
CMAKE_LINKER-ADVANCED:INTERNAL=1
//Name of CMakeLists files to read
CMAKE_LIST_FILE_NAME:INTERNAL=CMakeLists.txt
//ADVANCED property for variable: CMAKE_MAKE_PROGRAM
CMAKE_MAKE_PROGRAM-ADVANCED:INTERNAL=1
//ADVANCED property for variable: CMAKE_MODULE_LINKER_FLAGS
CMAKE_MODULE_LINKER_FLAGS-ADVANCED:INTERNAL=1
//ADVANCED property for variable: CMAKE_MODULE_LINKER_FLAGS_DEBUG
CMAKE_MODULE_LINKER_FLAGS_DEBUG-ADVANCED:INTERNAL=1
//ADVANCED property for variable: CMAKE_MODULE_LINKER_FLAGS_MINSIZEREL
CMAKE_MODULE_LINKER_FLAGS_MINSIZEREL-ADVANCED:INTERNAL=1
//ADVANCED property for variable: CMAKE_MODULE_LINKER_FLAGS_RELEASE
CMAKE_MODULE_LINKER_FLAGS_RELEASE-ADVANCED:INTERNAL=1
//ADVANCED property for variable: CMAKE_MODULE_LINKER_FLAGS_RELWITHDEBINFO
CMAKE_MODULE_LINKER_FLAGS_RELWITHDEBINFO-ADVANCED:INTERNAL=1
//ADVANCED property for variable: CMAKE_NM
CMAKE_NM-ADVANCED:INTERNAL=1
//number of local generators
CMAKE_NUMBER_OF_MAKEFILES:INTERNAL=29
//ADVANCED property for variable: CMAKE_OBJCOPY
CMAKE_OBJCOPY-ADVANCED:INTERNAL=1
//ADVANCED property for variable: CMAKE_OBJDUMP
CMAKE_OBJDUMP-ADVANCED:INTERNAL=1
//Platform information initialized
CMAKE_PLATFORM_INFO_INITIALIZED:INTERNAL=1
//ADVANCED property for variable: CMAKE_RANLIB
CMAKE_RANLIB-ADVANCED:INTERNAL=1
//ADVANCED property for variable: CMAKE_READELF
CMAKE_READELF-ADVANCED:INTERNAL=1
//Path to CMake installation.
CMAKE_ROOT:INTERNAL=/data/data/com.termux/files/usr/share/cmake-4.2
//ADVANCED property for variable: CMAKE_SHARED_LINKER_FLAGS
CMAKE_SHARED_LINKER_FLAGS-ADVANCED:INTERNAL=1
//ADVANCED property for variable: CMAKE_SHARED_LINKER_FLAGS_DEBUG
CMAKE_SHARED_LINKER_FLAGS_DEBUG-ADVANCED:INTERNAL=1
//ADVANCED property for variable: CMAKE_SHARED_LINKER_FLAGS_MINSIZEREL
CMAKE_SHARED_LINKER_FLAGS_MINSIZEREL-ADVANCED:INTERNAL=1
//ADVANCED property for variable: CMAKE_SHARED_LINKER_FLAGS_RELEASE
CMAKE_SHARED_LINKER_FLAGS_RELEASE-ADVANCED:INTERNAL=1
//ADVANCED property for variable: CMAKE_SHARED_LINKER_FLAGS_RELWITHDEBINFO
CMAKE_SHARED_LINKER_FLAGS_RELWITHDEBINFO-ADVANCED:INTERNAL=1
//ADVANCED property for variable: CMAKE_SKIP_INSTALL_RPATH
CMAKE_SKIP_INSTALL_RPATH-ADVANCED:INTERNAL=1
//ADVANCED property for variable: CMAKE_SKIP_RPATH
CMAKE_SKIP_RPATH-ADVANCED:INTERNAL=1
//ADVANCED property for variable: CMAKE_STATIC_LINKER_FLAGS
CMAKE_STATIC_LINKER_FLAGS-ADVANCED:INTERNAL=1
//ADVANCED property for variable: CMAKE_STATIC_LINKER_FLAGS_DEBUG
CMAKE_STATIC_LINKER_FLAGS_DEBUG-ADVANCED:INTERNAL=1
//ADVANCED property for variable: CMAKE_STATIC_LINKER_FLAGS_MINSIZEREL
CMAKE_STATIC_LINKER_FLAGS_MINSIZEREL-ADVANCED:INTERNAL=1
//ADVANCED property for variable: CMAKE_STATIC_LINKER_FLAGS_RELEASE
CMAKE_STATIC_LINKER_FLAGS_RELEASE-ADVANCED:INTERNAL=1
//ADVANCED property for variable: CMAKE_STATIC_LINKER_FLAGS_RELWITHDEBINFO
CMAKE_STATIC_LINKER_FLAGS_RELWITHDEBINFO-ADVANCED:INTERNAL=1
//ADVANCED property for variable: CMAKE_STRIP
CMAKE_STRIP-ADVANCED:INTERNAL=1
//ADVANCED property for variable: CMAKE_TAPI
CMAKE_TAPI-ADVANCED:INTERNAL=1
//uname command
CMAKE_UNAME:INTERNAL=/data/data/com.termux/files/usr/bin/uname
//ADVANCED property for variable: CMAKE_VERBOSE_MAKEFILE
CMAKE_VERBOSE_MAKEFILE-ADVANCED:INTERNAL=1
//ADVANCED property for variable: COVERAGE_COMMAND
COVERAGE_COMMAND-ADVANCED:INTERNAL=1
//ADVANCED property for variable: COVERAGE_EXTRA_FLAGS
COVERAGE_EXTRA_FLAGS-ADVANCED:INTERNAL=1
//ADVANCED property for variable: CTEST_SUBMIT_RETRY_COUNT
CTEST_SUBMIT_RETRY_COUNT-ADVANCED:INTERNAL=1
//ADVANCED property for variable: CTEST_SUBMIT_RETRY_DELAY
CTEST_SUBMIT_RETRY_DELAY-ADVANCED:INTERNAL=1
//ADVANCED property for variable: DART_TESTING_TIMEOUT
DART_TESTING_TIMEOUT-ADVANCED:INTERNAL=1
FFI_CFLAGS:INTERNAL=-I/data/data/com.termux/files/usr/include
FFI_CFLAGS_I:INTERNAL=
FFI_CFLAGS_OTHER:INTERNAL=
FFI_FOUND:INTERNAL=1
FFI_INCLUDEDIR:INTERNAL=/data/data/com.termux/files/usr/include
FFI_INCLUDE_DIRS:INTERNAL=/data/data/com.termux/files/usr/include
FFI_LDFLAGS:INTERNAL=-L/data/data/com.termux/files/usr/lib;-lffi
FFI_LDFLAGS_OTHER:INTERNAL=
FFI_LIBDIR:INTERNAL=/data/data/com.termux/files/usr/lib
FFI_LIBRARIES:INTERNAL=ffi
FFI_LIBRARY_DIRS:INTERNAL=/data/data/com.termux/files/usr/lib
FFI_LIBS:INTERNAL=
FFI_LIBS_L:INTERNAL=
FFI_LIBS_OTHER:INTERNAL=
FFI_LIBS_PATHS:INTERNAL=
FFI_MODULE_NAME:INTERNAL=libffi
FFI_PREFIX:INTERNAL=/data/data/com.termux/files/usr
FFI_STATIC_CFLAGS:INTERNAL=-I/data/data/com.termux/files/usr/include
FFI_STATIC_CFLAGS_I:INTERNAL=
FFI_STATIC_CFLAGS_OTHER:INTERNAL=
FFI_STATIC_INCLUDE_DIRS:INTERNAL=/data/data/com.termux/files/usr/include
FFI_STATIC_LDFLAGS:INTERNAL=-L/data/data/com.termux/files/usr/lib;-lffi
FFI_STATIC_LDFLAGS_OTHER:INTERNAL=
FFI_STATIC_LIBDIR:INTERNAL=
FFI_STATIC_LIBRARIES:INTERNAL=ffi
FFI_STATIC_LIBRARY_DIRS:INTERNAL=/data/data/com.termux/files/usr/lib
FFI_STATIC_LIBS:INTERNAL=
FFI_STATIC_LIBS_L:INTERNAL=
FFI_STATIC_LIBS_OTHER:INTERNAL=
FFI_STATIC_LIBS_PATHS:INTERNAL=
FFI_VERSION:INTERNAL=3.4.7
FFI_libffi_INCLUDEDIR:INTERNAL=
FFI_libffi_LIBDIR:INTERNAL=
FFI_libffi_PREFIX:INTERNAL=
FFI_libffi_VERSION:INTERNAL=
//Details about finding Python3
FIND_PACKAGE_MESSAGE_DETAILS_Python3:INTERNAL=[/data/data/com.termux/files/usr/bin/python3.12][found components: Interpreter ][v3.12.12()]
//Details about finding SQLite3
FIND_PACKAGE_MESSAGE_DETAILS_SQLite3:INTERNAL=[/data/data/com.termux/files/usr/lib/libsqlite3.so][/data/data/com.termux/files/usr/include][v3.51.2()]
//Details about finding Threads
FIND_PACKAGE_MESSAGE_DETAILS_Threads:INTERNAL=[TRUE][v()]
//ADVANCED property for variable: GITCOMMAND
GITCOMMAND-ADVANCED:INTERNAL=1
//Result of TRY_COMPILE
HAS_NULLPTR_WARNING:INTERNAL=FALSE
//Have symbol fwrite_unlocked
HAVE_FWRITE_UNLOCKED:INTERNAL=
//ADVANCED property for variable: MAKECOMMAND
MAKECOMMAND-ADVANCED:INTERNAL=1
//ADVANCED property for variable: MEMORYCHECK_COMMAND
MEMORYCHECK_COMMAND-ADVANCED:INTERNAL=1
//ADVANCED property for variable: MEMORYCHECK_SUPPRESSIONS_FILE
MEMORYCHECK_SUPPRESSIONS_FILE-ADVANCED:INTERNAL=1
//ADVANCED property for variable: OPENSSL_CRYPTO_LIBRARY
OPENSSL_CRYPTO_LIBRARY-ADVANCED:INTERNAL=1
//ADVANCED property for variable: OPENSSL_INCLUDE_DIR
OPENSSL_INCLUDE_DIR-ADVANCED:INTERNAL=1
//ADVANCED property for variable: OPENSSL_SSL_LIBRARY
OPENSSL_SSL_LIBRARY-ADVANCED:INTERNAL=1
PC_SQLite3_CFLAGS:INTERNAL=-I/data/data/com.termux/files/usr/include
PC_SQLite3_CFLAGS_I:INTERNAL=
PC_SQLite3_CFLAGS_OTHER:INTERNAL=
PC_SQLite3_FOUND:INTERNAL=1
PC_SQLite3_INCLUDEDIR:INTERNAL=/data/data/com.termux/files/usr/include
PC_SQLite3_INCLUDE_DIRS:INTERNAL=/data/data/com.termux/files/usr/include
PC_SQLite3_LDFLAGS:INTERNAL=-L/data/data/com.termux/files/usr/lib;-lsqlite3
PC_SQLite3_LDFLAGS_OTHER:INTERNAL=
PC_SQLite3_LIBDIR:INTERNAL=/data/data/com.termux/files/usr/lib
PC_SQLite3_LIBRARIES:INTERNAL=sqlite3
PC_SQLite3_LIBRARY_DIRS:INTERNAL=/data/data/com.termux/files/usr/lib
PC_SQLite3_LIBS:INTERNAL=
PC_SQLite3_LIBS_L:INTERNAL=
PC_SQLite3_LIBS_OTHER:INTERNAL=
PC_SQLite3_LIBS_PATHS:INTERNAL=
PC_SQLite3_MODULE_NAME:INTERNAL=sqlite3
PC_SQLite3_PREFIX:INTERNAL=/data/data/com.termux/files/usr
PC_SQLite3_STATIC_CFLAGS:INTERNAL=-I/data/data/com.termux/files/usr/include
PC_SQLite3_STATIC_CFLAGS_I:INTERNAL=
PC_SQLite3_STATIC_CFLAGS_OTHER:INTERNAL=
PC_SQLite3_STATIC_INCLUDE_DIRS:INTERNAL=/data/data/com.termux/files/usr/include
PC_SQLite3_STATIC_LDFLAGS:INTERNAL=-L/data/data/com.termux/files/usr/lib;-lsqlite3;-lz
PC_SQLite3_STATIC_LDFLAGS_OTHER:INTERNAL=
PC_SQLite3_STATIC_LIBDIR:INTERNAL=
PC_SQLite3_STATIC_LIBRARIES:INTERNAL=sqlite3;z
PC_SQLite3_STATIC_LIBRARY_DIRS:INTERNAL=/data/data/com.termux/files/usr/lib
PC_SQLite3_STATIC_LIBS:INTERNAL=
PC_SQLite3_STATIC_LIBS_L:INTERNAL=
PC_SQLite3_STATIC_LIBS_OTHER:INTERNAL=
PC_SQLite3_STATIC_LIBS_PATHS:INTERNAL=
PC_SQLite3_VERSION:INTERNAL=3.51.2
PC_SQLite3_sqlite3_INCLUDEDIR:INTERNAL=
PC_SQLite3_sqlite3_LIBDIR:INTERNAL=
PC_SQLite3_sqlite3_PREFIX:INTERNAL=
PC_SQLite3_sqlite3_VERSION:INTERNAL=
//ADVANCED property for variable: PKG_CONFIG_ARGN
PKG_CONFIG_ARGN-ADVANCED:INTERNAL=1
//ADVANCED property for variable: PKG_CONFIG_EXECUTABLE
PKG_CONFIG_EXECUTABLE-ADVANCED:INTERNAL=1
//ADVANCED property for variable: SITE
SITE-ADVANCED:INTERNAL=1
//ADVANCED property for variable: SQLite3_INCLUDE_DIR
SQLite3_INCLUDE_DIR-ADVANCED:INTERNAL=1
//ADVANCED property for variable: SQLite3_LIBRARY
SQLite3_LIBRARY-ADVANCED:INTERNAL=1
//CMAKE_INSTALL_PREFIX during last run
_GNUInstallDirs_LAST_CMAKE_INSTALL_PREFIX:INTERNAL=/usr/local
_OPENSSL_CFLAGS:INTERNAL=-I/data/data/com.termux/files/usr/include
_OPENSSL_CFLAGS_I:INTERNAL=
_OPENSSL_CFLAGS_OTHER:INTERNAL=
_OPENSSL_FOUND:INTERNAL=1
_OPENSSL_INCLUDEDIR:INTERNAL=/data/data/com.termux/files/usr/include
_OPENSSL_INCLUDE_DIRS:INTERNAL=/data/data/com.termux/files/usr/include
_OPENSSL_LDFLAGS:INTERNAL=-L/data/data/com.termux/files/usr/lib;-lssl;-lcrypto
_OPENSSL_LDFLAGS_OTHER:INTERNAL=
_OPENSSL_LIBDIR:INTERNAL=/data/data/com.termux/files/usr/lib
_OPENSSL_LIBRARIES:INTERNAL=ssl;crypto
_OPENSSL_LIBRARY_DIRS:INTERNAL=/data/data/com.termux/files/usr/lib
_OPENSSL_LIBS:INTERNAL=
_OPENSSL_LIBS_L:INTERNAL=
_OPENSSL_LIBS_OTHER:INTERNAL=
_OPENSSL_LIBS_PATHS:INTERNAL=
_OPENSSL_MODULE_NAME:INTERNAL=openssl
_OPENSSL_PREFIX:INTERNAL=/data/data/com.termux/files/usr
_OPENSSL_STATIC_CFLAGS:INTERNAL=-I/data/data/com.termux/files/usr/include
_OPENSSL_STATIC_CFLAGS_I:INTERNAL=
_OPENSSL_STATIC_CFLAGS_OTHER:INTERNAL=
_OPENSSL_STATIC_INCLUDE_DIRS:INTERNAL=/data/data/com.termux/files/usr/include
_OPENSSL_STATIC_LDFLAGS:INTERNAL=-L/data/data/com.termux/files/usr/lib;-lssl;-lcrypto;-ldl;-pthread
_OPENSSL_STATIC_LDFLAGS_OTHER:INTERNAL=-pthread
_OPENSSL_STATIC_LIBDIR:INTERNAL=
_OPENSSL_STATIC_LIBRARIES:INTERNAL=ssl;crypto;dl
_OPENSSL_STATIC_LIBRARY_DIRS:INTERNAL=/data/data/com.termux/files/usr/lib
_OPENSSL_STATIC_LIBS:INTERNAL=
_OPENSSL_STATIC_LIBS_L:INTERNAL=
_OPENSSL_STATIC_LIBS_OTHER:INTERNAL=
_OPENSSL_STATIC_LIBS_PATHS:INTERNAL=
_OPENSSL_VERSION:INTERNAL=3.6.0
_OPENSSL_openssl_INCLUDEDIR:INTERNAL=
_OPENSSL_openssl_LIBDIR:INTERNAL=
_OPENSSL_openssl_PREFIX:INTERNAL=
_OPENSSL_openssl_VERSION:INTERNAL=
//Compiler reason failure
_Python3_Compiler_REASON_FAILURE:INTERNAL=
_Python3_DEVELOPMENT_EMBED_SIGNATURE:INTERNAL=a63769017ffe2b061459df7e90d42288
_Python3_DEVELOPMENT_MODULE_SIGNATURE:INTERNAL=a63769017ffe2b061459df7e90d42288
//Development reason failure
_Python3_Development_REASON_FAILURE:INTERNAL=
_Python3_EXECUTABLE:INTERNAL=/data/data/com.termux/files/usr/bin/python3.12
//Path to a file.
_Python3_INCLUDE_DIR:INTERNAL=/data/data/com.termux/files/usr/include/python3.12
//Python3 Properties
_Python3_INTERPRETER_PROPERTIES:INTERNAL=Python;3;12;12;64;<none>;cpython-312;abi3;/data/data/com.termux/files/usr/lib/python3.12;/data/data/com.termux/files/usr/lib/python3.12;/data/data/com.termux/files/usr/lib/python3.12/site-packages;/data/data/com.termux/files/usr/lib/python3.12/site-packages
_Python3_INTERPRETER_SIGNATURE:INTERNAL=bd0de5f57049747267cb7eb5b11b47da
//Interpreter reason failure
_Python3_Interpreter_REASON_FAILURE:INTERNAL=
//Path to a library.
_Python3_LIBRARY_RELEASE:INTERNAL=/data/data/com.termux/files/usr/lib/libpython3.12.so
//NumPy reason failure
_Python3_NumPy_REASON_FAILURE:INTERNAL=
__pkg_config_arguments_FFI:INTERNAL=QUIET;libffi
__pkg_config_arguments_PC_SQLite3:INTERNAL=QUIET;sqlite3
__pkg_config_arguments__OPENSSL:INTERNAL=QUIET;openssl
__pkg_config_checked_FFI:INTERNAL=1
__pkg_config_checked_PC_SQLite3:INTERNAL=1
__pkg_config_checked__OPENSSL:INTERNAL=1
cmake_package_name:INTERNAL=GTest
//ADVANCED property for variable: gtest_build_samples
gtest_build_samples-ADVANCED:INTERNAL=1
//ADVANCED property for variable: gtest_build_tests
gtest_build_tests-ADVANCED:INTERNAL=1
//ADVANCED property for variable: gtest_disable_pthreads
gtest_disable_pthreads-ADVANCED:INTERNAL=1
//ADVANCED property for variable: gtest_force_shared_crt
gtest_force_shared_crt-ADVANCED:INTERNAL=1
//ADVANCED property for variable: gtest_hide_internal_symbols
gtest_hide_internal_symbols-ADVANCED:INTERNAL=1
//ADVANCED property for variable: pkgcfg_lib_FFI_ffi
pkgcfg_lib_FFI_ffi-ADVANCED:INTERNAL=1
//ADVANCED property for variable: pkgcfg_lib_PC_SQLite3_sqlite3
pkgcfg_lib_PC_SQLite3_sqlite3-ADVANCED:INTERNAL=1
//ADVANCED property for variable: pkgcfg_lib__OPENSSL_crypto
pkgcfg_lib__OPENSSL_crypto-ADVANCED:INTERNAL=1
//ADVANCED property for variable: pkgcfg_lib__OPENSSL_ssl
pkgcfg_lib__OPENSSL_ssl-ADVANCED:INTERNAL=1
prefix_result:INTERNAL=/data/data/com.termux/files/usr/lib

